<?xml version="1.0" encoding="UTF-8"?>
<!-- Generated by org.testng.reporters.JUnitReportReporter -->
<testsuite hostname="Hemant" failures="0" tests="2" name="securityTest.OXSecurity_Test" time="35.947" errors="0" timestamp="2024-05-18T18:55:16 IST" skipped="0">
  <testcase classname="securityTest.OXSecurity_Test" name="testLogin" time="7.460"/>
  <system-out/>
  <testcase classname="securityTest.OXSecurity_Test" name="FilterIssues" time="28.487"/>
  <system-out/>
</testsuite> <!-- securityTest.OXSecurity_Test -->
